<?xml version="1.0" encoding="UTF-8"?>
<testng-results ignored="0" total="1" passed="1" failed="0" skipped="0">
  <reporter-output>
  </reporter-output>
  <suite started-at="2025-10-03T23:33:10 IST" name="Default suite" finished-at="2025-10-03T23:33:18 IST" duration-ms="8502">
    <groups>
    </groups>
    <test started-at="2025-10-03T23:33:10 IST" name="Default test" finished-at="2025-10-03T23:33:18 IST" duration-ms="8502">
      <class name="CROMAPROJECT.SampleProject.Seleniumdemo">
        <test-method signature="run()[pri:0, instance:CROMAPROJECT.SampleProject.Seleniumdemo@f09733f]" started-at="2025-10-03T23:33:10 IST" name="run" finished-at="2025-10-03T23:33:18 IST" duration-ms="8351" status="PASS">
          <reporter-output>
          </reporter-output>
        </test-method> <!-- run -->
      </class> <!-- CROMAPROJECT.SampleProject.Seleniumdemo -->
    </test> <!-- Default test -->
  </suite> <!-- Default suite -->
</testng-results>
